[0m18:43:50.562259 [debug] [MainThread]: Sending event: {'category': 'dbt', 'action': 'invocation', 'label': 'start', 'context': [<snowplow_tracker.self_describing_json.SelfDescribingJson object at 0x0000021E5A0252D0>, <snowplow_tracker.self_describing_json.SelfDescribingJson object at 0x0000021E56746010>, <snowplow_tracker.self_describing_json.SelfDescribingJson object at 0x0000021E5B037110>]}


============================== 18:43:50.631915 | 6640947e-454b-4c44-8aae-e62057e63514 ==============================
[0m18:43:50.631915 [info ] [MainThread]: Running with dbt=1.11.7
[0m18:43:50.638730 [debug] [MainThread]: running dbt with arguments {'static_parser': 'True', 'no_print': 'None', 'version_check': 'True', 'warn_error_options': 'WarnErrorOptionsV2(error=[], warn=[], silence=[])', 'target_path': 'None', 'printer_width': '80', 'write_json': 'True', 'empty': 'None', 'log_cache_events': 'False', 'introspect': 'True', 'cache_selected_only': 'False', 'log_format': 'default', 'debug': 'False', 'fail_fast': 'False', 'partial_parse': 'True', 'send_anonymous_usage_stats': 'True', 'quiet': 'False', 'warn_error': 'None', 'profiles_dir': 'C:\\Users\\chhus\\.dbt', 'indirect_selection': 'eager', 'invocation_command': 'dbt init', 'use_colors': 'True', 'use_experimental_parser': 'False', 'log_path': 'logs'}
[0m18:43:50.846381 [info ] [MainThread]: Creating dbt configuration folder at C:\Users\chhus\.dbt
[0m18:44:08.425008 [debug] [MainThread]: Starter project path: D:\Data_Engineerng\DBT\.venv\Lib\site-packages\dbt\include\starter_project
[0m18:44:08.452872 [info ] [MainThread]: 
Your new dbt project "dbt_complete_course" was created!

For more information on how to configure the profiles.yml file,
please consult the dbt documentation here:

  https://docs.getdbt.com/docs/configure-your-profile

One more thing:

Need help? Don't hesitate to reach out to us via GitHub issues or on Slack:

  https://community.getdbt.com/

Happy modeling!

[0m18:44:08.457164 [info ] [MainThread]: Setting up your profile.
[0m18:44:16.414947 [debug] [MainThread]: Spark adapter: Setting pyhive.hive logging to ERROR
[0m18:44:16.414947 [debug] [MainThread]: Spark adapter: Setting thrift.transport logging to ERROR
[0m18:44:16.419943 [debug] [MainThread]: Spark adapter: Setting thrift.protocol logging to ERROR
[0m18:55:08.845783 [info ] [MainThread]: Profile dbt_complete_course written to C:\Users\chhus\.dbt\profiles.yml using target's profile_template.yml and your supplied values. Run 'dbt debug' to validate the connection.
[0m18:55:08.851780 [debug] [MainThread]: Command `dbt init` succeeded at 18:55:08.850352 after 678.54 seconds
[0m18:55:08.854438 [debug] [MainThread]: Sending event: {'category': 'dbt', 'action': 'invocation', 'label': 'end', 'context': [<snowplow_tracker.self_describing_json.SelfDescribingJson object at 0x0000021E59DA2DD0>, <snowplow_tracker.self_describing_json.SelfDescribingJson object at 0x0000021E5A00C1D0>, <snowplow_tracker.self_describing_json.SelfDescribingJson object at 0x0000021E5B037510>]}
[0m18:55:08.855880 [debug] [MainThread]: Flushing usage events
[0m18:55:11.095143 [debug] [MainThread]: An error was encountered while trying to flush usage events
[0m18:55:24.019387 [debug] [MainThread]: Sending event: {'category': 'dbt', 'action': 'invocation', 'label': 'start', 'context': [<snowplow_tracker.self_describing_json.SelfDescribingJson object at 0x000001DA537AB510>, <snowplow_tracker.self_describing_json.SelfDescribingJson object at 0x000001DA537AAF50>, <snowplow_tracker.self_describing_json.SelfDescribingJson object at 0x000001DA537AA6D0>]}


============================== 18:55:24.034840 | 48d3f41e-73e0-4c3e-b8c5-1d8fd3940936 ==============================
[0m18:55:24.034840 [info ] [MainThread]: Running with dbt=1.11.7
[0m18:55:24.034840 [debug] [MainThread]: running dbt with arguments {'static_parser': 'True', 'no_print': 'None', 'version_check': 'True', 'warn_error_options': 'WarnErrorOptionsV2(error=[], warn=[], silence=[])', 'target_path': 'None', 'printer_width': '80', 'write_json': 'True', 'empty': 'None', 'log_cache_events': 'False', 'introspect': 'True', 'cache_selected_only': 'False', 'log_format': 'default', 'debug': 'False', 'fail_fast': 'False', 'partial_parse': 'True', 'send_anonymous_usage_stats': 'True', 'quiet': 'False', 'warn_error': 'None', 'profiles_dir': 'C:\\Users\\chhus\\.dbt', 'invocation_command': 'dbt debug', 'use_colors': 'True', 'indirect_selection': 'eager', 'use_experimental_parser': 'False', 'log_path': 'logs'}
[0m18:55:24.086613 [info ] [MainThread]: dbt version: 1.11.7
[0m18:55:24.086613 [info ] [MainThread]: python version: 3.11.9
[0m18:55:24.095405 [info ] [MainThread]: python path: D:\Data_Engineerng\DBT\.venv\Scripts\python.exe
[0m18:55:24.095405 [info ] [MainThread]: os info: Windows-10-10.0.26200-SP0
[0m18:55:26.052505 [debug] [MainThread]: Spark adapter: Setting pyhive.hive logging to ERROR
[0m18:55:26.052505 [debug] [MainThread]: Spark adapter: Setting thrift.transport logging to ERROR
[0m18:55:26.052505 [debug] [MainThread]: Spark adapter: Setting thrift.protocol logging to ERROR
[0m18:55:27.422949 [info ] [MainThread]: Using profiles dir at C:\Users\chhus\.dbt
[0m18:55:27.422949 [info ] [MainThread]: Using profiles.yml file at C:\Users\chhus\.dbt\profiles.yml
[0m18:55:27.422949 [info ] [MainThread]: Using dbt_project.yml file at D:\Data_Engineerng\DBT\dbt_project.yml
[0m18:55:27.422949 [info ] [MainThread]: adapter type: databricks
[0m18:55:27.422949 [info ] [MainThread]: adapter version: 1.10.9
[0m18:55:27.431711 [info ] [MainThread]: Configuration:
[0m18:55:27.431711 [info ] [MainThread]:   profiles.yml file [[32mOK found and valid[0m]
[0m18:55:27.431711 [info ] [MainThread]:   dbt_project.yml file [[31mERROR not found[0m]
[0m18:55:27.436743 [info ] [MainThread]: Required dependencies:
[0m18:55:27.436743 [debug] [MainThread]: Executing "git --help"
[0m18:55:27.521147 [debug] [MainThread]: STDOUT: "b"usage: git [-v | --version] [-h | --help] [-C <path>] [-c <name>=<value>]\n           [--exec-path[=<path>]] [--html-path] [--man-path] [--info-path]\n           [-p | --paginate | -P | --no-pager] [--no-replace-objects] [--no-lazy-fetch]\n           [--no-optional-locks] [--no-advice] [--bare] [--git-dir=<path>]\n           [--work-tree=<path>] [--namespace=<name>] [--config-env=<name>=<envvar>]\n           <command> [<args>]\n\nThese are common Git commands used in various situations:\n\nstart a working area (see also: git help tutorial)\n   clone      Clone a repository into a new directory\n   init       Create an empty Git repository or reinitialize an existing one\n\nwork on the current change (see also: git help everyday)\n   add        Add file contents to the index\n   mv         Move or rename a file, a directory, or a symlink\n   restore    Restore working tree files\n   rm         Remove files from the working tree and from the index\n\nexamine the history and state (see also: git help revisions)\n   bisect     Use binary search to find the commit that introduced a bug\n   diff       Show changes between commits, commit and working tree, etc\n   grep       Print lines matching a pattern\n   log        Show commit logs\n   show       Show various types of objects\n   status     Show the working tree status\n\ngrow, mark and tweak your common history\n   backfill   Download missing objects in a partial clone\n   branch     List, create, or delete branches\n   commit     Record changes to the repository\n   merge      Join two or more development histories together\n   rebase     Reapply commits on top of another base tip\n   reset      Set `HEAD` or the index to a known state\n   switch     Switch branches\n   tag        Create, list, delete or verify tags\n\ncollaborate (see also: git help workflows)\n   fetch      Download objects and refs from another repository\n   pull       Fetch from and integrate with another repository or a local branch\n   push       Update remote refs along with associated objects\n\n'git help -a' and 'git help -g' list available subcommands and some\nconcept guides. See 'git help <command>' or 'git help <concept>'\nto read about a specific subcommand or concept.\nSee 'git help git' for an overview of the system.\n""
[0m18:55:27.521147 [debug] [MainThread]: STDERR: "b''"
[0m18:55:27.523158 [info ] [MainThread]:  - git [[32mOK found[0m]

[0m18:55:27.523158 [info ] [MainThread]: Connection:
[0m18:55:27.525760 [info ] [MainThread]:   host: dbc-efcdaba8-2cd5.cloud.databricks.com
[0m18:55:27.527541 [info ] [MainThread]:   http_path: /sql/1.0/warehouses/e1250ea22e9ca329
[0m18:55:27.527541 [info ] [MainThread]:   catalog: dbt_tutorial
[0m18:55:27.527541 [info ] [MainThread]:   schema: default
[0m18:55:27.531802 [info ] [MainThread]: Registered adapter: databricks=1.10.9
[0m18:55:28.445649 [debug] [MainThread]: Databricks adapter: DatabricksDBTConnection(session-id=None, name=debug) - Creating connection
[0m18:55:28.445649 [debug] [MainThread]: Acquiring new databricks connection 'debug'
[0m18:55:28.448050 [debug] [MainThread]: Using databricks connection "debug"
[0m18:55:28.448050 [debug] [MainThread]: On debug: select 1 as id
[0m18:55:28.450336 [debug] [MainThread]: Opening a new connection, currently in state init
[0m18:55:30.140719 [error] [MainThread]: databricks-sql-connector adapter: ThriftBackend.attempt_request: Exception: %s
[0m18:55:30.182121 [error] [MainThread]: Databricks adapter: Connection(session-id=Unknown) - Exception while trying to create connection: Error during request to server: : Provided PAT token does not have required scopes: sql. 
Error properties: attempt=1/30, bounded-retry-delay=None, elapsed-seconds=1.6324572563171387/900.0, error-message=: Provided PAT token does not have required scopes: sql, http-code=403, method=OpenSession, no-retry-reason=non-retryable error, original-exception=, query-id=None, session-id=None
[0m18:55:30.182121 [debug] [MainThread]: Databricks adapter: Exception while trying to execute query
select 1 as id
: Database Error
  Error during request to server: : Provided PAT token does not have required scopes: sql. 
[0m18:55:30.185935 [debug] [MainThread]: On debug: No close available on handle
[0m18:55:30.185935 [info ] [MainThread]:   Connection test: [[31mERROR[0m]

[0m18:55:30.188435 [info ] [MainThread]: [31m2 checks failed:[0m
[0m18:55:30.188435 [info ] [MainThread]: Project loading failed for the following reason:
 project path <D:\Data_Engineerng\DBT\dbt_project.yml> not found

[0m18:55:30.188435 [info ] [MainThread]: dbt was unable to connect to the specified database.
The database returned the following error:

  >Database Error
  Database Error
    Error during request to server: : Provided PAT token does not have required scopes: sql. 

Check your database credentials and try again. For more information, visit:
https://docs.getdbt.com/docs/configure-your-profile


[0m18:55:30.196288 [debug] [MainThread]: Command `dbt debug` failed at 18:55:30.196288 after 6.38 seconds
[0m18:55:30.196288 [debug] [MainThread]: Sending event: {'category': 'dbt', 'action': 'invocation', 'label': 'end', 'context': [<snowplow_tracker.self_describing_json.SelfDescribingJson object at 0x000001DA537CB790>, <snowplow_tracker.self_describing_json.SelfDescribingJson object at 0x000001DA52780490>, <snowplow_tracker.self_describing_json.SelfDescribingJson object at 0x000001DA527807D0>]}
[0m18:55:30.198302 [debug] [MainThread]: Flushing usage events
[0m18:55:31.898005 [debug] [MainThread]: An error was encountered while trying to flush usage events
